# JRE version: Java(TM) SE Runtime Environment (17.0.10+11) (build 17.0.10+11-LTS-240)
# Java VM: Java HotSpot(TM) 64-Bit Server VM (17.0.10+11-LTS-240, mixed mode, sharing, tiered, compressed oops, compressed class ptrs, g1 gc, windows-amd64)
GC Precious Log:
 CPUs: 8 total, 8 available
 Memory: 6020M
 Large Page Support: Disabled
 NUMA Support: Disabled
 Compressed Oops: Enabled (32-bit)
 Heap Region Size: 1M
 Heap Min Capacity: 8M
 Heap Initial Capacity: 96M
 Heap Max Capacity: 1506M
 Pre-touch: Disabled
 Parallel Workers: 8
 Concurrent Workers: 2
 Concurrent Refinement Workers: 8
 Periodic GC: Disabled
Heap:
 garbage-first heap   total 40960K, used 24193K [0x00000000a1e00000, 0x0000000100000000)
  region size 1024K, 12 young (12288K), 0 survivors (0K)
 Metaspace       used 33703K, committed 34240K, reserved 1114112K
  class space    used 4207K, committed 4480K, reserved 1048576K
GC Heap History (20 events):
Event: 2.404 GC heap before
{Heap before GC invocations=1 (full 0):
 garbage-first heap   total 98304K, used 32004K [0x00000000a1e00000, 0x0000000100000000)
  region size 1024K, 31 young (31744K), 3 survivors (3072K)
 Metaspace       used 13673K, committed 13952K, reserved 1114112K
  class space    used 1675K, committed 1792K, reserved 1048576K
}
Event: 2.411 GC heap after
{Heap after GC invocations=2 (full 0):
 garbage-first heap   total 98304K, used 6724K [0x00000000a1e00000, 0x0000000100000000)
  region size 1024K, 3 young (3072K), 3 survivors (3072K)
 Metaspace       used 13673K, committed 13952K, reserved 1114112K
  class space    used 1675K, committed 1792K, reserved 1048576K
}
Event: 4.611 GC heap before
{Heap before GC invocations=2 (full 0):
 garbage-first heap   total 98304K, used 50756K [0x00000000a1e00000, 0x0000000100000000)
  region size 1024K, 47 young (48128K), 3 survivors (3072K)
 Metaspace       used 21141K, committed 21504K, reserved 1114112K
  class space    used 2636K, committed 2816K, reserved 1048576K
}
Event: 4.622 GC heap after
{Heap after GC invocations=3 (full 0):
 garbage-first heap   total 98304K, used 10419K [0x00000000a1e00000, 0x0000000100000000)
  region size 1024K, 6 young (6144K), 6 survivors (6144K)
 Metaspace       used 21141K, committed 21504K, reserved 1114112K
  class space    used 2636K, committed 2816K, reserved 1048576K
}
Event: 5.892 GC heap before
{Heap before GC invocations=4 (full 0):
 garbage-first heap   total 40960K, used 28851K [0x00000000a1e00000, 0x0000000100000000)
  region size 1024K, 24 young (24576K), 6 survivors (6144K)
 Metaspace       used 24913K, committed 25344K, reserved 1114112K
  class space    used 3134K, committed 3328K, reserved 1048576K
}
Event: 5.901 GC heap after
{Heap after GC invocations=5 (full 0):
 garbage-first heap   total 40960K, used 12201K [0x00000000a1e00000, 0x0000000100000000)
  region size 1024K, 2 young (2048K), 2 survivors (2048K)
 Metaspace       used 24913K, committed 25344K, reserved 1114112K
  class space    used 3134K, committed 3328K, reserved 1048576K
}
Event: 5.956 GC heap before
{Heap before GC invocations=5 (full 0):
 garbage-first heap   total 40960K, used 13225K [0x00000000a1e00000, 0x0000000100000000)
  region size 1024K, 3 young (3072K), 2 survivors (2048K)
 Metaspace       used 25084K, committed 25472K, reserved 1114112K
  class space    used 3160K, committed 3328K, reserved 1048576K
}
Event: 5.960 GC heap after
{Heap after GC invocations=6 (full 0):
 garbage-first heap   total 40960K, used 12600K [0x00000000a1e00000, 0x0000000100000000)
  region size 1024K, 1 young (1024K), 1 survivors (1024K)
 Metaspace       used 25084K, committed 25472K, reserved 1114112K
  class space    used 3160K, committed 3328K, reserved 1048576K
}
Event: 6.818 GC heap before
{Heap before GC invocations=6 (full 0):
 garbage-first heap   total 40960K, used 30008K [0x00000000a1e00000, 0x0000000100000000)
  region size 1024K, 18 young (18432K), 1 survivors (1024K)
 Metaspace       used 27974K, committed 28416K, reserved 1114112K
  class space    used 3550K, committed 3712K, reserved 1048576K
}
Event: 6.823 GC heap after
{Heap after GC invocations=7 (full 0):
 garbage-first heap   total 40960K, used 14126K [0x00000000a1e00000, 0x0000000100000000)
  region size 1024K, 2 young (2048K), 2 survivors (2048K)
 Metaspace       used 27974K, committed 28416K, reserved 1114112K
  class space    used 3550K, committed 3712K, reserved 1048576K
}
Event: 32.642 GC heap before
{Heap before GC invocations=7 (full 0):
 garbage-first heap   total 40960K, used 30510K [0x00000000a1e00000, 0x0000000100000000)
  region size 1024K, 19 young (19456K), 2 survivors (2048K)
 Metaspace       used 32070K, committed 32512K, reserved 1114112K
  class space    used 4091K, committed 4288K, reserved 1048576K
}
Event: 32.652 GC heap after
{Heap after GC invocations=8 (full 0):
 garbage-first heap   total 40960K, used 16582K [0x00000000a1e00000, 0x0000000100000000)
  region size 1024K, 3 young (3072K), 3 survivors (3072K)
 Metaspace       used 32070K, committed 32512K, reserved 1114112K
  class space    used 4091K, committed 4288K, reserved 1048576K
}
Event: 135.577 GC heap before
{Heap before GC invocations=8 (full 0):
 garbage-first heap   total 40960K, used 20678K [0x00000000a1e00000, 0x0000000100000000)
  region size 1024K, 8 young (8192K), 3 survivors (3072K)
 Metaspace       used 32846K, committed 33280K, reserved 1114112K
  class space    used 4168K, committed 4352K, reserved 1048576K
}
Event: 135.742 GC heap after
{Heap after GC invocations=9 (full 1):
 garbage-first heap   total 40960K, used 15029K [0x00000000a1e00000, 0x0000000100000000)
  region size 1024K, 0 young (0K), 0 survivors (0K)
 Metaspace       used 32846K, committed 33280K, reserved 1114112K
  class space    used 4168K, committed 4352K, reserved 1048576K
}
Event: 137.121 GC heap before
{Heap before GC invocations=9 (full 1):
 garbage-first heap   total 40960K, used 28341K [0x00000000a1e00000, 0x0000000100000000)
  region size 1024K, 14 young (14336K), 0 survivors (0K)
 Metaspace       used 33040K, committed 33472K, reserved 1114112K
  class space    used 4169K, committed 4352K, reserved 1048576K
}
Event: 137.130 GC heap after
{Heap after GC invocations=10 (full 1):
 garbage-first heap   total 40960K, used 16613K [0x00000000a1e00000, 0x0000000100000000)
  region size 1024K, 2 young (2048K), 2 survivors (2048K)
 Metaspace       used 33040K, committed 33472K, reserved 1114112K
  class space    used 4169K, committed 4352K, reserved 1048576K
}
Event: 137.540 GC heap before
{Heap before GC invocations=10 (full 1):
 garbage-first heap   total 40960K, used 28901K [0x00000000a1e00000, 0x0000000100000000)
  region size 1024K, 14 young (14336K), 2 survivors (2048K)
 Metaspace       used 33280K, committed 33728K, reserved 1114112K
  class space    used 4173K, committed 4416K, reserved 1048576K
}
Event: 137.557 GC heap after
{Heap after GC invocations=11 (full 1):
 garbage-first heap   total 40960K, used 17510K [0x00000000a1e00000, 0x0000000100000000)
  region size 1024K, 2 young (2048K), 2 survivors (2048K)
 Metaspace       used 33280K, committed 33728K, reserved 1114112K
  class space    used 4173K, committed 4416K, reserved 1048576K
}
Event: 584.981 GC heap before
{Heap before GC invocations=11 (full 1):
 garbage-first heap   total 40960K, used 22630K [0x00000000a1e00000, 0x0000000100000000)
  region size 1024K, 9 young (9216K), 2 survivors (2048K)
 Metaspace       used 33632K, committed 34176K, reserved 1114112K
  class space    used 4206K, committed 4480K, reserved 1048576K
}
Event: 585.223 GC heap after
{Heap after GC invocations=12 (full 2):
 garbage-first heap   total 40960K, used 13953K [0x00000000a1e00000, 0x0000000100000000)
  region size 1024K, 0 young (0K), 0 survivors (0K)
 Metaspace       used 33632K, committed 34176K, reserved 1114112K
  class space    used 4206K, committed 4480K, reserved 1048576K
}

